[2026-07-11 01:21:16] [74083] [139799089588032] [PIPE] pipe A, B, C create
[2026-07-11 01:21:16] [74083] [139799089588032] [PROCESSO] processo mapper creato, PID=74084
[2026-07-11 01:21:16] [74084] [139799089588032] [THREAD] reader mapper avviato
[2026-07-11 01:21:16] [74083] [139799089588032] [PROCESSO] processo reducer creato, PID=74085
[2026-07-11 01:21:16] [74085] [139799089588032] [THREAD] reader reducer avviato
[2026-07-11 01:21:16] [74083] [139799089588032] [FILE] file input aperto: tests/input.txt
[2026-07-11 01:21:16] [74083] [139799089588032] [RIGHE] righe inviate al mapper: 3
[2026-07-11 01:21:16] [74083] [139799089588032] [FILE] file input chiuso
[2026-07-11 01:21:16] [74084] [139799089588032] [THREAD] reader mapper terminato
[2026-07-11 01:21:16] [74084] [139799089588032] [COPPIE] coppie prodotte dal mapper: 11
[2026-07-11 01:21:16] [74085] [139799089588032] [RISULTATI] risultati emessi dal reducer: 10
[2026-07-11 01:21:16] [74085] [139799089588032] [THREAD] reader reducer terminato
[2026-07-11 01:21:16] [74083] [139799089588032] [FILE] file output aperto: output
[2026-07-11 01:21:16] [74083] [139799089588032] [RISULTATI] risultati finali prodotti: 10
[2026-07-11 01:21:16] [74083] [139799089588032] [FILE] file output chiuso
[2026-07-11 01:41:18] [77822] [78194496] [PIPE] pipe A, B, C create
[2026-07-11 01:41:18] [77822] [78194496] [PROCESSO] processo mapper creato, PID=77824
[2026-07-11 01:41:18] [77822] [78194496] [PROCESSO] processo reducer creato, PID=77825
[2026-07-11 01:41:18] [77822] [78194496] [FILE] file input aperto: tests/input.txt
[2026-07-11 01:41:18] [77824] [78194496] [THREAD] reader mapper avviato
[2026-07-11 01:41:18] [77822] [78194496] [RIGHE] righe inviate al mapper: 3
[2026-07-11 01:41:18] [77825] [78194496] [THREAD] reader reducer avviato
[2026-07-11 01:41:18] [77822] [78194496] [FILE] file input chiuso
[2026-07-11 01:41:18] [77822] [78194496] [FILE] file output aperto: output
[2026-07-11 01:41:18] [77824] [78194496] [THREAD] reader mapper terminato
[2026-07-11 01:41:18] [77824] [78194496] [COPPIE] coppie prodotte dal mapper: 11
[2026-07-11 01:41:18] [77825] [78194496] [RISULTATI] risultati emessi dal reducer: 10
[2026-07-11 01:41:18] [77825] [78194496] [THREAD] reader reducer terminato
[2026-07-11 01:41:18] [77822] [78194496] [RISULTATI] risultati finali prodotti: 10
[2026-07-11 01:41:18] [77822] [78194496] [FILE] file output chiuso
